d:\vs工程\keyword_extraction\keyword_extraction\debug\keyword_extraction.pch
d:\vs工程\keyword_extraction\keyword_extraction\debug\stdafx.obj
d:\vs工程\keyword_extraction\keyword_extraction\debug\vc100.pdb
d:\vs工程\keyword_extraction\keyword_extraction\debug\dllmain.obj
d:\vs工程\keyword_extraction\keyword_extraction\debug\keyword_extraction.obj
d:\vs工程\keyword_extraction\debug\keyword_extraction.lib
d:\vs工程\keyword_extraction\debug\keyword_extraction.exp
d:\vs工程\keyword_extraction\debug\keyword_extraction.ilk
d:\vs工程\keyword_extraction\debug\keyword_extraction.dll
d:\vs工程\keyword_extraction\keyword_extraction\debug\keyword_extraction.dll.intermediate.manifest
d:\vs工程\keyword_extraction\debug\keyword_extraction.pdb
d:\vs工程\keyword_extraction\keyword_extraction\debug\keyword_extraction.dll.embed.manifest
d:\vs工程\keyword_extraction\keyword_extraction\debug\keyword_extraction.dll.embed.manifest.res
c:\users\齐昌航\desktop\c++\keywordextraction(dll)\keyword_extraction\debug\keyword_extraction.vcxprojresolveassemblyreference.cache
c:\users\齐昌航\desktop\c++\keywordextraction(dll)\keyword_extraction\debug\dllmain.obj
c:\users\齐昌航\desktop\c++\keywordextraction(dll)\keyword_extraction\debug\keyword_extraction.obj
c:\users\齐昌航\desktop\c++\keywordextraction(dll)\keyword_extraction\debug\stdafx.obj
c:\users\齐昌航\desktop\c++\keywordextraction(dll)\keyword_extraction\debug\cl.command.1.tlog
c:\users\齐昌航\desktop\c++\keywordextraction(dll)\keyword_extraction\debug\cl.read.1.tlog
c:\users\齐昌航\desktop\c++\keywordextraction(dll)\keyword_extraction\debug\cl.write.1.tlog
c:\users\齐昌航\desktop\c++\keywordextraction(dll)\keyword_extraction\debug\keyword_extraction.write.1.tlog
c:\users\齐昌航\desktop\c++\keywordextraction(dll)\keyword_extraction\debug\link-cvtres.read.1.tlog
c:\users\齐昌航\desktop\c++\keywordextraction(dll)\keyword_extraction\debug\link-cvtres.write.1.tlog
c:\users\齐昌航\desktop\c++\keywordextraction(dll)\keyword_extraction\debug\link.11372-cvtres.read.1.tlog
c:\users\齐昌航\desktop\c++\keywordextraction(dll)\keyword_extraction\debug\link.11372-cvtres.write.1.tlog
c:\users\齐昌航\desktop\c++\keywordextraction(dll)\keyword_extraction\debug\link.11372.read.1.tlog
c:\users\齐昌航\desktop\c++\keywordextraction(dll)\keyword_extraction\debug\link.11372.write.1.tlog
c:\users\齐昌航\desktop\c++\keywordextraction(dll)\keyword_extraction\debug\link.7492-cvtres.read.1.tlog
c:\users\齐昌航\desktop\c++\keywordextraction(dll)\keyword_extraction\debug\link.7492-cvtres.write.1.tlog
c:\users\齐昌航\desktop\c++\keywordextraction(dll)\keyword_extraction\debug\link.7492.read.1.tlog
c:\users\齐昌航\desktop\c++\keywordextraction(dll)\keyword_extraction\debug\link.7492.write.1.tlog
c:\users\齐昌航\desktop\c++\keywordextraction(dll)\keyword_extraction\debug\link.8060-cvtres.read.1.tlog
c:\users\齐昌航\desktop\c++\keywordextraction(dll)\keyword_extraction\debug\link.8060-cvtres.write.1.tlog
c:\users\齐昌航\desktop\c++\keywordextraction(dll)\keyword_extraction\debug\link.8060.read.1.tlog
c:\users\齐昌航\desktop\c++\keywordextraction(dll)\keyword_extraction\debug\link.8060.write.1.tlog
c:\users\齐昌航\desktop\c++\keywordextraction(dll)\keyword_extraction\debug\link.command.1.tlog
c:\users\齐昌航\desktop\c++\keywordextraction(dll)\keyword_extraction\debug\link.read.1.tlog
c:\users\齐昌航\desktop\c++\keywordextraction(dll)\keyword_extraction\debug\link.write.1.tlog
c:\users\齐昌航\desktop\c++\keywordextraction(dll)\keyword_extraction\debug\mt.command.1.tlog
c:\users\齐昌航\desktop\c++\keywordextraction(dll)\keyword_extraction\debug\mt.read.1.tlog
c:\users\齐昌航\desktop\c++\keywordextraction(dll)\keyword_extraction\debug\mt.write.1.tlog
c:\users\齐昌航\desktop\c++\keywordextraction(dll)\keyword_extraction\debug\rc.command.1.tlog
c:\users\齐昌航\desktop\c++\keywordextraction(dll)\keyword_extraction\debug\rc.read.1.tlog
c:\users\齐昌航\desktop\c++\keywordextraction(dll)\keyword_extraction\debug\rc.write.1.tlog
c:\users\齐昌航\desktop\c++\keywordextraction(dll)\keyword_extraction\debug\keyword_extraction.dll.embed.manifest
c:\users\齐昌航\desktop\c++\keywordextraction(dll)\keyword_extraction\debug\keyword_extraction.dll.intermediate.manifest
c:\users\齐昌航\desktop\c++\keywordextraction(dll)\keyword_extraction\debug\keyword_extraction.dll.embed.manifest.res
c:\users\齐昌航\desktop\c++\keywordextraction(dll)\keyword_extraction\debug\keyword_extraction.pch
c:\users\齐昌航\desktop\c++\keywordextraction(dll)\keyword_extraction\debug\vc100.idb
c:\users\齐昌航\desktop\c++\keywordextraction(dll)\keyword_extraction\debug\vc100.pdb
c:\users\齐昌航\desktop\c++\keywordextraction(dll)\keyword_extraction\debug\keyword_extraction_manifest.rc
