c:\users\齐昌航\desktop\c++ (1)\keywordextraction(mfc)\keyword_extraction_entropy\release\keyword_extraction_entropy.pch
c:\users\齐昌航\desktop\c++ (1)\keywordextraction(mfc)\keyword_extraction_entropy\release\vc142.pdb
c:\users\齐昌航\desktop\c++ (1)\keywordextraction(mfc)\keyword_extraction_entropy\release\stdafx.obj
c:\users\齐昌航\desktop\c++ (1)\keywordextraction(mfc)\keyword_extraction_entropy\release\keyword_extraction_entropydlg.obj
c:\users\齐昌航\desktop\c++ (1)\keywordextraction(mfc)\keyword_extraction_entropy\release\keyword_extraction_entropy.obj
c:\users\齐昌航\desktop\c++ (1)\keywordextraction(mfc)\release\keyword_extraction_entropy.ipdb
c:\users\齐昌航\desktop\c++ (1)\keywordextraction(mfc)\release\keyword_extraction_entropy.iobj
c:\users\齐昌航\desktop\c++ (1)\keywordextraction(mfc)\release\keyword_extraction_entropy.exe
c:\users\齐昌航\desktop\c++ (1)\keywordextraction(mfc)\release\keyword_extraction_entropy.pdb
c:\users\齐昌航\desktop\c++ (1)\keywordextraction(mfc)\keyword_extraction_entropy\release\keyword_extraction_entropy.res
c:\users\齐昌航\desktop\c++ (1)\keywordextraction(mfc)\keyword_extraction_entropy\release\keyword_.fa37e7aa.tlog\cl.command.1.tlog
c:\users\齐昌航\desktop\c++ (1)\keywordextraction(mfc)\keyword_extraction_entropy\release\keyword_.fa37e7aa.tlog\cl.read.1.tlog
c:\users\齐昌航\desktop\c++ (1)\keywordextraction(mfc)\keyword_extraction_entropy\release\keyword_.fa37e7aa.tlog\cl.write.1.tlog
c:\users\齐昌航\desktop\c++ (1)\keywordextraction(mfc)\keyword_extraction_entropy\release\keyword_.fa37e7aa.tlog\keyword_extraction_entropy.write.1u.tlog
c:\users\齐昌航\desktop\c++ (1)\keywordextraction(mfc)\keyword_extraction_entropy\release\keyword_.fa37e7aa.tlog\link.command.1.tlog
c:\users\齐昌航\desktop\c++ (1)\keywordextraction(mfc)\keyword_extraction_entropy\release\keyword_.fa37e7aa.tlog\link.delete.1.tlog
c:\users\齐昌航\desktop\c++ (1)\keywordextraction(mfc)\keyword_extraction_entropy\release\keyword_.fa37e7aa.tlog\link.read.1.tlog
c:\users\齐昌航\desktop\c++ (1)\keywordextraction(mfc)\keyword_extraction_entropy\release\keyword_.fa37e7aa.tlog\link.write.1.tlog
c:\users\齐昌航\desktop\c++ (1)\keywordextraction(mfc)\keyword_extraction_entropy\release\keyword_.fa37e7aa.tlog\rc.command.1.tlog
c:\users\齐昌航\desktop\c++ (1)\keywordextraction(mfc)\keyword_extraction_entropy\release\keyword_.fa37e7aa.tlog\rc.read.1.tlog
c:\users\齐昌航\desktop\c++ (1)\keywordextraction(mfc)\keyword_extraction_entropy\release\keyword_.fa37e7aa.tlog\rc.write.1.tlog
