  Keyword_Extraction_EntropyDlg.cpp
C:\Users\齐昌航\Desktop\C++ (1)\KeywordExtraction(MFC)\Keyword_Extraction_Entropy\Keyword_Extraction_EntropyDlg.cpp(94,15): warning C4244:  “初始化”: 从“DWORD”转换到“WORD”，可能丢失数据
C:\Users\齐昌航\Desktop\C++ (1)\KeywordExtraction(MFC)\Keyword_Extraction_Entropy\Keyword_Extraction_EntropyDlg.cpp(342,14): warning C4018:  “<”: 有符号/无符号不匹配
C:\Users\齐昌航\Desktop\C++ (1)\KeywordExtraction(MFC)\Keyword_Extraction_Entropy\Keyword_Extraction_EntropyDlg.cpp(395,16): warning C4018:  “<”: 有符号/无符号不匹配
C:\Users\齐昌航\Desktop\C++ (1)\KeywordExtraction(MFC)\Keyword_Extraction_Entropy\Keyword_Extraction_EntropyDlg.cpp(472,14): warning C4244:  “=”: 从“int”转换到“float”，可能丢失数据
C:\Users\齐昌航\Desktop\C++ (1)\KeywordExtraction(MFC)\Keyword_Extraction_Entropy\Keyword_Extraction_EntropyDlg.cpp(473,14): warning C4244:  “=”: 从“int”转换到“float”，可能丢失数据
C:\Users\齐昌航\Desktop\C++ (1)\KeywordExtraction(MFC)\Keyword_Extraction_Entropy\Keyword_Extraction_EntropyDlg.cpp(484,14): warning C4305:  “=”: 从“double”到“float”截断
C:\Users\齐昌航\Desktop\C++ (1)\KeywordExtraction(MFC)\Keyword_Extraction_Entropy\Keyword_Extraction_EntropyDlg.cpp(485,32): warning C4804:  “<”: 在操作中使用类型“bool”不安全
C:\Users\齐昌航\Desktop\C++ (1)\KeywordExtraction(MFC)\Keyword_Extraction_Entropy\Keyword_Extraction_EntropyDlg.cpp(486,14): warning C4305:  “=”: 从“double”到“float”截断
C:\Users\齐昌航\Desktop\C++ (1)\KeywordExtraction(MFC)\Keyword_Extraction_Entropy\Keyword_Extraction_EntropyDlg.cpp(487,33): warning C4804:  “<”: 在操作中使用类型“bool”不安全
C:\Users\齐昌航\Desktop\C++ (1)\KeywordExtraction(MFC)\Keyword_Extraction_Entropy\Keyword_Extraction_EntropyDlg.cpp(488,15): warning C4305:  “=”: 从“double”到“float”截断
C:\Users\齐昌航\Desktop\C++ (1)\KeywordExtraction(MFC)\Keyword_Extraction_Entropy\Keyword_Extraction_EntropyDlg.cpp(437,1): warning C4996:  'fopen': This function or variable may be unsafe. Consider using fopen_s instead. To disable deprecation, use _CRT_SECURE_NO_WARNINGS. See online help for details.
F:\Windows Kits\10\Include\10.0.17763.0\ucrt\stdio.h(208): message :  参见“fopen”的声明
C:\Users\齐昌航\Desktop\C++ (1)\KeywordExtraction(MFC)\Keyword_Extraction_Entropy\Keyword_Extraction_EntropyDlg.cpp(438,1): warning C4996:  'fopen': This function or variable may be unsafe. Consider using fopen_s instead. To disable deprecation, use _CRT_SECURE_NO_WARNINGS. See online help for details.
F:\Windows Kits\10\Include\10.0.17763.0\ucrt\stdio.h(208): message :  参见“fopen”的声明
C:\Users\齐昌航\Desktop\C++ (1)\KeywordExtraction(MFC)\Keyword_Extraction_Entropy\Keyword_Extraction_EntropyDlg.cpp(447,1): warning C4996:  'fscanf': This function or variable may be unsafe. Consider using fscanf_s instead. To disable deprecation, use _CRT_SECURE_NO_WARNINGS. See online help for details.
F:\Windows Kits\10\Include\10.0.17763.0\ucrt\stdio.h(1197): message :  参见“fscanf”的声明
C:\Users\齐昌航\Desktop\C++ (1)\KeywordExtraction(MFC)\Keyword_Extraction_Entropy\Keyword_Extraction_EntropyDlg.cpp(453,1): warning C4996:  'fscanf': This function or variable may be unsafe. Consider using fscanf_s instead. To disable deprecation, use _CRT_SECURE_NO_WARNINGS. See online help for details.
F:\Windows Kits\10\Include\10.0.17763.0\ucrt\stdio.h(1197): message :  参见“fscanf”的声明
  正在生成代码
  2 of 1236 functions ( 0.2%) were compiled, the rest were copied from previous compilation.
    0 functions were new in current compilation
    1 functions had inline decision re-evaluated but remain unchanged
  已完成代码的生成
  Keyword_Extraction_Entropy.vcxproj -> C:\Users\齐昌航\Desktop\C++ (1)\KeywordExtraction(MFC)\Release\Keyword_Extraction_Entropy.exe
