d:\vs工程\keyword_extraction\keyword_extraction\release\keyword_extraction.pch
d:\vs工程\keyword_extraction\keyword_extraction\release\stdafx.obj
d:\vs工程\keyword_extraction\keyword_extraction\release\vc100.pdb
d:\vs工程\keyword_extraction\keyword_extraction\release\dllmain.obj
d:\vs工程\keyword_extraction\keyword_extraction\release\keyword_extraction.obj
d:\vs工程\keyword_extraction\release\keyword_extraction.lib
d:\vs工程\keyword_extraction\release\keyword_extraction.exp
d:\vs工程\keyword_extraction\release\keyword_extraction.dll
d:\vs工程\keyword_extraction\keyword_extraction\release\keyword_extraction.dll.intermediate.manifest
d:\vs工程\keyword_extraction\release\keyword_extraction.pdb
c:\users\齐昌航\desktop\c++\keywordextraction(dll)\keyword_extraction\release\keyword_extraction.pch
c:\users\齐昌航\desktop\c++\keywordextraction(dll)\keyword_extraction\release\vc142.pdb
c:\users\齐昌航\desktop\c++\keywordextraction(dll)\keyword_extraction\release\stdafx.obj
c:\users\齐昌航\desktop\c++\keywordextraction(dll)\keyword_extraction\release\dllmain.obj
c:\users\齐昌航\desktop\c++\keywordextraction(dll)\keyword_extraction\release\cl.command.1.tlog
c:\users\齐昌航\desktop\c++\keywordextraction(dll)\keyword_extraction\release\cl.read.1.tlog
c:\users\齐昌航\desktop\c++\keywordextraction(dll)\keyword_extraction\release\cl.write.1.tlog
c:\users\齐昌航\desktop\c++\keywordextraction(dll)\keyword_extraction\release\keyword_extraction.write.1.tlog
c:\users\齐昌航\desktop\c++\keywordextraction(dll)\keyword_extraction\release\link.command.1.tlog
c:\users\齐昌航\desktop\c++\keywordextraction(dll)\keyword_extraction\release\link.read.1.tlog
c:\users\齐昌航\desktop\c++\keywordextraction(dll)\keyword_extraction\release\link.write.1.tlog
c:\users\齐昌航\desktop\c++\keywordextraction(dll)\keyword_extraction\release\mt.command.1.tlog
c:\users\齐昌航\desktop\c++\keywordextraction(dll)\keyword_extraction\release\mt.read.1.tlog
c:\users\齐昌航\desktop\c++\keywordextraction(dll)\keyword_extraction\release\mt.write.1.tlog
c:\users\齐昌航\desktop\c++\keywordextraction(dll)\keyword_extraction\release\keyword_extraction.dll.intermediate.manifest
c:\users\齐昌航\desktop\c++\keywordextraction(dll)\keyword_extraction\release\vc100.pdb
c:\users\齐昌航\desktop\c++\keywordextraction(dll)\keyword_extraction\release\keyword_.cf4fb696.tlog\cl.command.1.tlog
c:\users\齐昌航\desktop\c++\keywordextraction(dll)\keyword_extraction\release\keyword_.cf4fb696.tlog\cl.read.1.tlog
c:\users\齐昌航\desktop\c++\keywordextraction(dll)\keyword_extraction\release\keyword_.cf4fb696.tlog\cl.write.1.tlog
