  stdafx.cpp
  dllmain.cpp
  Keyword_Extraction.cpp
C:\Users\齐昌航\Desktop\C++\KeywordExtraction(dll)\Keyword_Extraction\Keyword_Extraction.cpp(5,1): warning C4005:  “Keyword_EXPORTS”: 宏重定义
C:\Users\齐昌航\Desktop\C++\KeywordExtraction(dll)\Keyword_Extraction\Keyword_Extraction.cpp(5,1): warning C4005: C:\Users\齐昌航\Desktop\C++\KeywordExtraction(dll)\Keyword_Extraction\stdafx.cpp: note: 参见“Keyword_EXPORTS”的前一个定义
C:\Users\齐昌航\Desktop\C++\KeywordExtraction(dll)\Keyword_Extraction\Term.h(42,14): warning C4018:  “<”: 有符号/无符号不匹配
C:\Users\齐昌航\Desktop\C++\KeywordExtraction(dll)\Keyword_Extraction\Term.h(71,13): warning C4018:  “<”: 有符号/无符号不匹配
C:\Users\齐昌航\Desktop\C++\KeywordExtraction(dll)\Keyword_Extraction\Term.h(77,13): warning C4018:  “<”: 有符号/无符号不匹配
C:\Users\齐昌航\Desktop\C++\KeywordExtraction(dll)\Keyword_Extraction\Term.h(96,13): warning C4018:  “<”: 有符号/无符号不匹配
C:\Users\齐昌航\Desktop\C++\KeywordExtraction(dll)\Keyword_Extraction\Term.h(111,15): warning C4018:  “<”: 有符号/无符号不匹配
C:\Users\齐昌航\Desktop\C++\KeywordExtraction(dll)\Keyword_Extraction\Term.h(135,22): warning C4244:  “初始化”: 从“double”转换到“int”，可能丢失数据
C:\Users\齐昌航\Desktop\C++\KeywordExtraction(dll)\Keyword_Extraction\Keyword_Extraction.cpp(96,12): warning C4018:  “<”: 有符号/无符号不匹配
C:\Users\齐昌航\Desktop\C++\KeywordExtraction(dll)\Keyword_Extraction\Keyword_Extraction.cpp(117,12): warning C4018:  “<”: 有符号/无符号不匹配
C:\Users\齐昌航\Desktop\C++\KeywordExtraction(dll)\Keyword_Extraction\Keyword_Extraction.cpp(178,11): warning C4018:  “<”: 有符号/无符号不匹配
C:\Users\齐昌航\Desktop\C++\KeywordExtraction(dll)\Keyword_Extraction\Keyword_Extraction.cpp(199,11): warning C4018:  “<”: 有符号/无符号不匹配
    正在创建库 C:\Users\齐昌航\Desktop\C++\KeywordExtraction(dll)\Release\Keyword_Extraction.lib 和对象 C:\Users\齐昌航\Desktop\C++\KeywordExtraction(dll)\Release\Keyword_Extraction.exp
  正在生成代码
  Previous IPDB not found, fall back to full compilation.
  All 841 functions were compiled because no usable IPDB/IOBJ from previous compilation was found.
  已完成代码的生成
  Keyword_Extraction.vcxproj -> C:\Users\齐昌航\Desktop\C++\KeywordExtraction(dll)\Release\Keyword_Extraction.dll
